{"C:\\Users\\HUZAIFA\\Desktop\\Circle-Web-Development\\product-details-app\\src\\components\\Loader\\index.tsx": {"path":"C:\\Users\\HUZAIFA\\Desktop\\Circle-Web-Development\\product-details-app\\src\\components\\Loader\\index.tsx","statementMap":{"0":{"start":{"line":4,"column":15},"end":{"line":13,"column":2}},"1":{"start":{"line":16,"column":4},"end":{"line":20,"column":5}}},"fnMap":{"0":{"name":"Loader","decl":{"start":{"line":15,"column":9},"end":{"line":15,"column":15}},"loc":{"start":{"line":15,"column":18},"end":{"line":21,"column":1}},"line":15}},"branchMap":{},"s":{"0":1,"1":2},"f":{"0":2},"b":{},"_coverageSchema":"1a1c01bbd47fc00a2c39e90264f33305004495a9","hash":"40c96695dfd74c6bb88528825e950891d5a320e5"}
,"C:\\Users\\HUZAIFA\\Desktop\\Circle-Web-Development\\product-details-app\\src\\components\\MainCategoryBanner\\index.tsx": {"path":"C:\\Users\\HUZAIFA\\Desktop\\Circle-Web-Development\\product-details-app\\src\\components\\MainCategoryBanner\\index.tsx","statementMap":{"0":{"start":{"line":7,"column":15},"end":{"line":17,"column":2}},"1":{"start":{"line":20,"column":4},"end":{"line":28,"column":12}}},"fnMap":{"0":{"name":"MainCategoryBanner","decl":{"start":{"line":19,"column":9},"end":{"line":19,"column":27}},"loc":{"start":{"line":19,"column":54},"end":{"line":29,"column":1}},"line":19}},"branchMap":{},"s":{"0":1,"1":2},"f":{"0":2},"b":{},"_coverageSchema":"1a1c01bbd47fc00a2c39e90264f33305004495a9","hash":"83bcf0eb976d127798a2f7b81114878e0587394e"}
,"C:\\Users\\HUZAIFA\\Desktop\\Circle-Web-Development\\product-details-app\\src\\components\\ProductCard\\index.tsx": {"path":"C:\\Users\\HUZAIFA\\Desktop\\Circle-Web-Development\\product-details-app\\src\\components\\ProductCard\\index.tsx","statementMap":{"0":{"start":{"line":8,"column":15},"end":{"line":32,"column":2}},"1":{"start":{"line":35,"column":4},"end":{"line":47,"column":12}}},"fnMap":{"0":{"name":"ProductCard","decl":{"start":{"line":34,"column":9},"end":{"line":34,"column":20}},"loc":{"start":{"line":34,"column":42},"end":{"line":48,"column":1}},"line":34}},"branchMap":{},"s":{"0":2,"1":2},"f":{"0":2},"b":{},"_coverageSchema":"1a1c01bbd47fc00a2c39e90264f33305004495a9","hash":"48b0a9d32a959038842a8541c3cfcf5438eeffdc"}
,"C:\\Users\\HUZAIFA\\Desktop\\Circle-Web-Development\\product-details-app\\src\\components\\ProductGrid\\index.tsx": {"path":"C:\\Users\\HUZAIFA\\Desktop\\Circle-Web-Development\\product-details-app\\src\\components\\ProductGrid\\index.tsx","statementMap":{"0":{"start":{"line":7,"column":15},"end":{"line":15,"column":2}},"1":{"start":{"line":19,"column":4},"end":{"line":23,"column":5}},"2":{"start":{"line":21,"column":42},"end":{"line":21,"column":77}}},"fnMap":{"0":{"name":"ProductGrid","decl":{"start":{"line":17,"column":9},"end":{"line":17,"column":20}},"loc":{"start":{"line":17,"column":38},"end":{"line":24,"column":1}},"line":17},"1":{"name":"(anonymous_1)","decl":{"start":{"line":21,"column":32},"end":{"line":21,"column":33}},"loc":{"start":{"line":21,"column":42},"end":{"line":21,"column":77}},"line":21}},"branchMap":{},"s":{"0":1,"1":1,"2":1},"f":{"0":1,"1":1},"b":{},"_coverageSchema":"1a1c01bbd47fc00a2c39e90264f33305004495a9","hash":"1d3c38a76b9cfacd1bb1a612d0e27f9ae6b86c82"}
,"C:\\Users\\HUZAIFA\\Desktop\\Circle-Web-Development\\product-details-app\\src\\components\\SubCategory\\index.tsx": {"path":"C:\\Users\\HUZAIFA\\Desktop\\Circle-Web-Development\\product-details-app\\src\\components\\SubCategory\\index.tsx","statementMap":{"0":{"start":{"line":7,"column":4},"end":{"line":12,"column":31}},"1":{"start":{"line":8,"column":41},"end":{"line":8,"column":77}}},"fnMap":{"0":{"name":"SubCategory","decl":{"start":{"line":6,"column":9},"end":{"line":6,"column":20}},"loc":{"start":{"line":6,"column":41},"end":{"line":13,"column":1}},"line":6},"1":{"name":"(anonymous_1)","decl":{"start":{"line":8,"column":35},"end":{"line":8,"column":36}},"loc":{"start":{"line":8,"column":41},"end":{"line":8,"column":77}},"line":8}},"branchMap":{},"s":{"0":3,"1":0},"f":{"0":3,"1":0},"b":{},"_coverageSchema":"1a1c01bbd47fc00a2c39e90264f33305004495a9","hash":"7a06f3e04f3423c533558683dec7b0b10a8e8d36"}
,"C:\\Users\\HUZAIFA\\Desktop\\Circle-Web-Development\\product-details-app\\src\\components\\SubCategorySelector\\index.tsx": {"path":"C:\\Users\\HUZAIFA\\Desktop\\Circle-Web-Development\\product-details-app\\src\\components\\SubCategorySelector\\index.tsx","statementMap":{"0":{"start":{"line":7,"column":15},"end":{"line":13,"column":2}},"1":{"start":{"line":16,"column":4},"end":{"line":30,"column":5}},"2":{"start":{"line":27,"column":20},"end":{"line":27,"column":144}},"3":{"start":{"line":27,"column":76},"end":{"line":27,"column":96}}},"fnMap":{"0":{"name":"SubCategorySelector","decl":{"start":{"line":15,"column":9},"end":{"line":15,"column":28}},"loc":{"start":{"line":15,"column":51},"end":{"line":31,"column":1}},"line":15},"1":{"name":"(anonymous_1)","decl":{"start":{"line":26,"column":41},"end":{"line":26,"column":42}},"loc":{"start":{"line":27,"column":20},"end":{"line":27,"column":144}},"line":27},"2":{"name":"(anonymous_2)","decl":{"start":{"line":27,"column":70},"end":{"line":27,"column":71}},"loc":{"start":{"line":27,"column":76},"end":{"line":27,"column":96}},"line":27}},"branchMap":{},"s":{"0":1,"1":1,"2":2,"3":0},"f":{"0":1,"1":2,"2":0},"b":{},"_coverageSchema":"1a1c01bbd47fc00a2c39e90264f33305004495a9","hash":"9a9f6396953760718ce2f8825de6d5c15d22e5f8"}
,"C:\\Users\\HUZAIFA\\Desktop\\Circle-Web-Development\\product-details-app\\src\\constants\\server.ts": {"path":"C:\\Users\\HUZAIFA\\Desktop\\Circle-Web-Development\\product-details-app\\src\\constants\\server.ts","statementMap":{"0":{"start":{"line":1,"column":31},"end":{"line":1,"column":69}}},"fnMap":{},"branchMap":{},"s":{"0":2},"f":{},"b":{},"_coverageSchema":"1a1c01bbd47fc00a2c39e90264f33305004495a9","hash":"726d35ec32de24292be15197c587604eec2a7a70"}
,"C:\\Users\\HUZAIFA\\Desktop\\Circle-Web-Development\\product-details-app\\src\\constants\\styling.ts": {"path":"C:\\Users\\HUZAIFA\\Desktop\\Circle-Web-Development\\product-details-app\\src\\constants\\styling.ts","statementMap":{"0":{"start":{"line":1,"column":37},"end":{"line":1,"column":46}},"1":{"start":{"line":2,"column":39},"end":{"line":2,"column":48}},"2":{"start":{"line":3,"column":34},"end":{"line":3,"column":43}},"3":{"start":{"line":5,"column":31},"end":{"line":5,"column":33}},"4":{"start":{"line":6,"column":42},"end":{"line":6,"column":44}},"5":{"start":{"line":7,"column":40},"end":{"line":7,"column":42}},"6":{"start":{"line":9,"column":36},"end":{"line":9,"column":38}},"7":{"start":{"line":10,"column":27},"end":{"line":10,"column":33}}},"fnMap":{},"branchMap":{},"s":{"0":5,"1":5,"2":5,"3":5,"4":5,"5":5,"6":5,"7":5},"f":{},"b":{},"_coverageSchema":"1a1c01bbd47fc00a2c39e90264f33305004495a9","hash":"bbee404491eb297b9508e701c7379f9bc48a08e4"}
,"C:\\Users\\HUZAIFA\\Desktop\\Circle-Web-Development\\product-details-app\\src\\globalStyles\\index.ts": {"path":"C:\\Users\\HUZAIFA\\Desktop\\Circle-Web-Development\\product-details-app\\src\\globalStyles\\index.ts","statementMap":{"0":{"start":{"line":5,"column":28},"end":{"line":28,"column":2}}},"fnMap":{},"branchMap":{},"s":{"0":5},"f":{},"b":{},"_coverageSchema":"1a1c01bbd47fc00a2c39e90264f33305004495a9","hash":"6a3326b4e5bbd72e1044ec685ab309ad4a3fd89f"}
,"C:\\Users\\HUZAIFA\\Desktop\\Circle-Web-Development\\product-details-app\\src\\images\\personalcare.jpg": {"path":"C:\\Users\\HUZAIFA\\Desktop\\Circle-Web-Development\\product-details-app\\src\\images\\personalcare.jpg","statementMap":{"0":{"start":{"line":1,"column":0},"end":{"line":1,"column":19}}},"fnMap":{},"branchMap":{},"s":{"0":1},"f":{},"b":{},"inputSourceMap":null,"_coverageSchema":"1a1c01bbd47fc00a2c39e90264f33305004495a9","hash":"cafee441e1384dc08808ef7f5d15c2b8086ea3a3"}
,"C:\\Users\\HUZAIFA\\Desktop\\Circle-Web-Development\\product-details-app\\src\\services\\index.ts": {"path":"C:\\Users\\HUZAIFA\\Desktop\\Circle-Web-Development\\product-details-app\\src\\services\\index.ts","statementMap":{"0":{"start":{"line":4,"column":29},"end":{"line":4,"column":92}},"1":{"start":{"line":4,"column":41},"end":{"line":4,"column":92}},"2":{"start":{"line":4,"column":81},"end":{"line":4,"column":91}},"3":{"start":{"line":6,"column":36},"end":{"line":6,"column":153}},"4":{"start":{"line":6,"column":69},"end":{"line":6,"column":153}},"5":{"start":{"line":6,"column":142},"end":{"line":6,"column":152}},"6":{"start":{"line":8,"column":31},"end":{"line":8,"column":95}},"7":{"start":{"line":8,"column":43},"end":{"line":8,"column":95}},"8":{"start":{"line":8,"column":84},"end":{"line":8,"column":94}}},"fnMap":{"0":{"name":"(anonymous_0)","decl":{"start":{"line":4,"column":29},"end":{"line":4,"column":30}},"loc":{"start":{"line":4,"column":41},"end":{"line":4,"column":92}},"line":4},"1":{"name":"(anonymous_1)","decl":{"start":{"line":4,"column":74},"end":{"line":4,"column":75}},"loc":{"start":{"line":4,"column":81},"end":{"line":4,"column":91}},"line":4},"2":{"name":"(anonymous_2)","decl":{"start":{"line":6,"column":36},"end":{"line":6,"column":37}},"loc":{"start":{"line":6,"column":69},"end":{"line":6,"column":153}},"line":6},"3":{"name":"(anonymous_3)","decl":{"start":{"line":6,"column":135},"end":{"line":6,"column":136}},"loc":{"start":{"line":6,"column":142},"end":{"line":6,"column":152}},"line":6},"4":{"name":"(anonymous_4)","decl":{"start":{"line":8,"column":31},"end":{"line":8,"column":32}},"loc":{"start":{"line":8,"column":43},"end":{"line":8,"column":95}},"line":8},"5":{"name":"(anonymous_5)","decl":{"start":{"line":8,"column":77},"end":{"line":8,"column":78}},"loc":{"start":{"line":8,"column":84},"end":{"line":8,"column":94}},"line":8}},"branchMap":{},"s":{"0":2,"1":1,"2":1,"3":2,"4":0,"5":0,"6":2,"7":1,"8":1},"f":{"0":1,"1":1,"2":0,"3":0,"4":1,"5":1},"b":{},"_coverageSchema":"1a1c01bbd47fc00a2c39e90264f33305004495a9","hash":"963e00e62d3c0496abd980266d52ad79c7896b03"}
}
