TN:
SF:src\components\Loader\index.tsx
FN:15,Loader
FNF:1
FNH:1
FNDA:2,Loader
DA:4,1
DA:16,2
LF:2
LH:2
BRF:0
BRH:0
end_of_record
TN:
SF:src\components\MainCategoryBanner\index.tsx
FN:19,MainCategoryBanner
FNF:1
FNH:1
FNDA:2,MainCategoryBanner
DA:7,1
DA:20,2
LF:2
LH:2
BRF:0
BRH:0
end_of_record
TN:
SF:src\components\ProductCard\index.tsx
FN:34,ProductCard
FNF:1
FNH:1
FNDA:2,ProductCard
DA:8,2
DA:35,2
LF:2
LH:2
BRF:0
BRH:0
end_of_record
TN:
SF:src\components\ProductGrid\index.tsx
FN:17,ProductGrid
FN:21,(anonymous_1)
FNF:2
FNH:2
FNDA:1,ProductGrid
FNDA:1,(anonymous_1)
DA:7,1
DA:19,1
DA:21,1
LF:3
LH:3
BRF:0
BRH:0
end_of_record
TN:
SF:src\components\SubCategory\index.tsx
FN:6,SubCategory
FN:8,(anonymous_1)
FNF:2
FNH:1
FNDA:3,SubCategory
FNDA:0,(anonymous_1)
DA:7,3
DA:8,0
LF:2
LH:1
BRF:0
BRH:0
end_of_record
TN:
SF:src\components\SubCategorySelector\index.tsx
FN:15,SubCategorySelector
FN:26,(anonymous_1)
FN:27,(anonymous_2)
FNF:3
FNH:2
FNDA:1,SubCategorySelector
FNDA:2,(anonymous_1)
FNDA:0,(anonymous_2)
DA:7,1
DA:16,1
DA:27,2
LF:3
LH:3
BRF:0
BRH:0
end_of_record
TN:
SF:src\constants\server.ts
FNF:0
FNH:0
DA:1,2
LF:1
LH:1
BRF:0
BRH:0
end_of_record
TN:
SF:src\constants\styling.ts
FNF:0
FNH:0
DA:1,5
DA:2,5
DA:3,5
DA:5,5
DA:6,5
DA:7,5
DA:9,5
DA:10,5
LF:8
LH:8
BRF:0
BRH:0
end_of_record
TN:
SF:src\globalStyles\index.ts
FNF:0
FNH:0
DA:5,5
LF:1
LH:1
BRF:0
BRH:0
end_of_record
TN:
SF:src\images\personalcare.jpg
FNF:0
FNH:0
DA:1,1
LF:1
LH:1
BRF:0
BRH:0
end_of_record
TN:
SF:src\services\index.ts
FN:4,(anonymous_0)
FN:4,(anonymous_1)
FN:6,(anonymous_2)
FN:6,(anonymous_3)
FN:8,(anonymous_4)
FN:8,(anonymous_5)
FNF:6
FNH:4
FNDA:1,(anonymous_0)
FNDA:1,(anonymous_1)
FNDA:0,(anonymous_2)
FNDA:0,(anonymous_3)
FNDA:1,(anonymous_4)
FNDA:1,(anonymous_5)
DA:4,2
DA:6,2
DA:8,2
LF:3
LH:3
BRF:0
BRH:0
end_of_record
